<?xml version="1.0" encoding="UTF-8"?>
<!-- Generated by org.testng.reporters.JUnitXMLReporter -->
<testsuite hostname="DESKTOP-PU29T00" ignored="0" name="Test02" tests="1" failures="0" timestamp="12 Apr 2021 06:33:47 GMT" time="1.498" errors="0">
  <testcase name="@BeforeTest browserlaunch" time="1.467" classname="com.page.TestCases.TC02TodaysdealsTest">
    <failure type="org.openqa.selenium.SessionNotCreatedException" message="session not created: This version of ChromeDriver only supports Chrome version 87
Current browser version is 89.0.4389.114 with binary path C:\Program Files\Google\Chrome\Application\chrome.exe
Build info: version: &amp;apos;3.141.59&amp;apos;, revision: &amp;apos;e82be7d358&amp;apos;, time: &amp;apos;2018-11-14T08:17:03&amp;apos;
System info: host: &amp;apos;DESKTOP-PU29T00&amp;apos;, ip: &amp;apos;192.168.225.218&amp;apos;, os.name: &amp;apos;Windows 10&amp;apos;, os.arch: &amp;apos;amd64&amp;apos;, os.version: &amp;apos;10.0&amp;apos;, java.version: &amp;apos;1.8.0_271&amp;apos;
Driver info: driver.version: ChromeDriver
remote stacktrace: Backtrace:
	Ordinal0 [0x010CC0C3+3326147]
	Ordinal0 [0x00FB0851+2164817]
	Ordinal0 [0x00E37298+619160]
	Ordinal0 [0x00DB1D92+73106]
	Ordinal0 [0x00DAE119+57625]
	Ordinal0 [0x00DAC38A+50058]
	Ordinal0 [0x00DD5F3E+220990]
	Ordinal0 [0x00DD5CAC+220332]
	Ordinal0 [0x00DD189B+202907]
	Ordinal0 [0x00DB3DF4+81396]
	Ordinal0 [0x00DB4DEE+85486]
	Ordinal0 [0x00DB4D79+85369]
	Ordinal0 [0x00FC85DC+2262492]
	GetHandleVerifier [0x01252874+1487204]
	GetHandleVerifier [0x012523CD+1486013]
	GetHandleVerifier [0x0125A368+1518680]
	GetHandleVerifier [0x01252F4E+1488958]
	Ordinal0 [0x00FBED0D+2223373]
	Ordinal0 [0x00FCA12B+2269483]
	Ordinal0 [0x00FCA26F+2269807]
	Ordinal0 [0x00FDECB8+2354360]
	BaseThreadInitThunk [0x765DFA29+25]
	RtlGetAppContainerNamedObjectPath [0x772E7C7E+286]
	RtlGetAppContainerNamedObjectPath [0x772E7C4E+238]
">
      <![CDATA[org.openqa.selenium.SessionNotCreatedException: session not created: This version of ChromeDriver only supports Chrome version 87
Current browser version is 89.0.4389.114 with binary path C:\Program Files\Google\Chrome\Application\chrome.exe
Build info: version: '3.141.59', revision: 'e82be7d358', time: '2018-11-14T08:17:03'
System info: host: 'DESKTOP-PU29T00', ip: '192.168.225.218', os.name: 'Windows 10', os.arch: 'amd64', os.version: '10.0', java.version: '1.8.0_271'
Driver info: driver.version: ChromeDriver
remote stacktrace: Backtrace:
	Ordinal0 [0x010CC0C3+3326147]
	Ordinal0 [0x00FB0851+2164817]
	Ordinal0 [0x00E37298+619160]
	Ordinal0 [0x00DB1D92+73106]
	Ordinal0 [0x00DAE119+57625]
	Ordinal0 [0x00DAC38A+50058]
	Ordinal0 [0x00DD5F3E+220990]
	Ordinal0 [0x00DD5CAC+220332]
	Ordinal0 [0x00DD189B+202907]
	Ordinal0 [0x00DB3DF4+81396]
	Ordinal0 [0x00DB4DEE+85486]
	Ordinal0 [0x00DB4D79+85369]
	Ordinal0 [0x00FC85DC+2262492]
	GetHandleVerifier [0x01252874+1487204]
	GetHandleVerifier [0x012523CD+1486013]
	GetHandleVerifier [0x0125A368+1518680]
	GetHandleVerifier [0x01252F4E+1488958]
	Ordinal0 [0x00FBED0D+2223373]
	Ordinal0 [0x00FCA12B+2269483]
	Ordinal0 [0x00FCA26F+2269807]
	Ordinal0 [0x00FDECB8+2354360]
	BaseThreadInitThunk [0x765DFA29+25]
	RtlGetAppContainerNamedObjectPath [0x772E7C7E+286]
	RtlGetAppContainerNamedObjectPath [0x772E7C4E+238]

	at org.openqa.selenium.remote.W3CHandshakeResponse.lambda$errorHandler$0(W3CHandshakeResponse.java:62)
	at org.openqa.selenium.remote.HandshakeResponse.lambda$getResponseFunction$0(HandshakeResponse.java:30)
	at org.openqa.selenium.remote.ProtocolHandshake.lambda$createSession$0(ProtocolHandshake.java:126)
	at java.util.stream.ReferencePipeline$3$1.accept(Unknown Source)
	at java.util.Spliterators$ArraySpliterator.tryAdvance(Unknown Source)
	at java.util.stream.ReferencePipeline.forEachWithCancel(Unknown Source)
	at java.util.stream.AbstractPipeline.copyIntoWithCancel(Unknown Source)
	at java.util.stream.AbstractPipeline.copyInto(Unknown Source)
	at java.util.stream.AbstractPipeline.wrapAndCopyInto(Unknown Source)
	at java.util.stream.FindOps$FindOp.evaluateSequential(Unknown Source)
	at java.util.stream.AbstractPipeline.evaluate(Unknown Source)
	at java.util.stream.ReferencePipeline.findFirst(Unknown Source)
	at org.openqa.selenium.remote.ProtocolHandshake.createSession(ProtocolHandshake.java:128)
	at org.openqa.selenium.remote.ProtocolHandshake.createSession(ProtocolHandshake.java:74)
	at org.openqa.selenium.remote.HttpCommandExecutor.execute(HttpCommandExecutor.java:136)
	at org.openqa.selenium.remote.service.DriverCommandExecutor.execute(DriverCommandExecutor.java:83)
	at org.openqa.selenium.remote.RemoteWebDriver.execute(RemoteWebDriver.java:552)
	at org.openqa.selenium.remote.RemoteWebDriver.startSession(RemoteWebDriver.java:213)
	at org.openqa.selenium.remote.RemoteWebDriver.<init>(RemoteWebDriver.java:131)
	at org.openqa.selenium.chrome.ChromeDriver.<init>(ChromeDriver.java:181)
	at org.openqa.selenium.chrome.ChromeDriver.<init>(ChromeDriver.java:168)
	at org.openqa.selenium.chrome.ChromeDriver.<init>(ChromeDriver.java:123)
	at com.page.BaseClass.BaseClass.driverlaunch(BaseClass.java:30)
	at com.page.TestCases.TC02TodaysdealsTest.browserlaunch(TC02TodaysdealsTest.java:26)
... Removed 27 stack frames]]>
    </failure>
  </testcase> <!-- @BeforeTest browserlaunch -->
  <testcase name="@AfterTest closebrowser" time="0.0" classname="com.page.TestCases.TC02TodaysdealsTest">
    <skipped/>
  </testcase> <!-- @AfterTest closebrowser -->
  <testcase name="Todaysdelastest" time="0.0" classname="com.page.TestCases.TC02TodaysdealsTest">
    <skipped/>
  </testcase> <!-- Todaysdelastest -->
</testsuite> <!-- Test02 -->
